<?xml version="1.0" encoding="UTF-8"?>
<!-- Generated by org.testng.reporters.JUnitReportReporter -->
<testsuite skipped="0" hostname="LAPTOP-Q35KUDM9" name="executionEngine.DriverScriptTest" tests="1" failures="0" timestamp="06 Apr 2019 21:36:04 GMT" time="48.017" errors="0">
  <testcase name="Intitialize" time="48.017" classname="executionEngine.DriverScriptTest"/>
</testsuite> <!-- executionEngine.DriverScriptTest -->
