<?xml version="1.0" encoding="UTF-8"?>
<!-- Generated by org.testng.reporters.JUnitReportReporter -->
<testsuite hostname="LAPTOP-Q35KUDM9" failures="0" tests="1" name="executionEngine.DriverScriptTest" time="35.907" errors="0" timestamp="19 Aug 2018 20:33:19 GMT" skipped="0">
  <testcase classname="executionEngine.DriverScriptTest" name="Intitialize" time="35.907"/>
</testsuite> <!-- executionEngine.DriverScriptTest -->
