<?xml version="1.0" encoding="UTF-8"?>
<!-- Generated by org.testng.reporters.JUnitReportReporter -->
<testsuite skipped="0" hostname="LAPTOP-Q35KUDM9" name="executionEngine.DriverScriptTest" tests="1" failures="0" timestamp="04 Apr 2019 02:34:54 GMT" time="33.964" errors="0">
  <testcase name="Intitialize" time="33.964" classname="executionEngine.DriverScriptTest"/>
</testsuite> <!-- executionEngine.DriverScriptTest -->
